<?xml version="1.0" encoding="UTF-8"?>
<testsuite xmlns:xsi="http://www.w3.org/2001/XMLSchema-instance" xsi:noNamespaceSchemaLocation="https://maven.apache.org/surefire/maven-surefire-plugin/xsd/surefire-test-report-3.0.xsd" version="3.0" name="HistoryFileHandlerTests" time="0.427" tests="8" errors="0" skipped="0" failures="0">
  <properties>
[...]
</properties>
  <testcase name="testIsFileExist_FileExists_ReturnsTrue" classname="HistoryFileHandlerTests" time="0.085">
    <system-out><![CDATA[Successfully Initialize HistoryFile.
]]></system-out>
  </testcase>
  <testcase name="testGetWeather_ReturnsCorrectJsonString" classname="HistoryFileHandlerTests" time="0.307">
    <system-out><![CDATA[Successfully Initialize HistoryFile.
]]></system-out>
  </testcase>
  <testcase name="testCreateHistoryFile_CreatesFileSuccessfully" classname="HistoryFileHandlerTests" time="0.002">
    <system-out><![CDATA[Successfully Initialize HistoryFile.
Successfully Initialize HistoryFile.
]]></system-out>
  </testcase>
  <testcase name="testUpdateWeather_UpdatesWeatherTwice" classname="HistoryFileHandlerTests" time="0.011">
    <system-out><![CDATA[Successfully Initialize HistoryFile.
Successfully update History File
Successfully update History File
]]></system-out>
  </testcase>
  <testcase name="testIsFileExist_FileDoesNotExist_ReturnsFalse" classname="HistoryFileHandlerTests" time="0.001">
    <system-out><![CDATA[Successfully Initialize HistoryFile.
]]></system-out>
  </testcase>
  <testcase name="testClock_UpdatesClockIncrementCorrectly" classname="HistoryFileHandlerTests" time="0.003">
    <system-out><![CDATA[Successfully Initialize HistoryFile.
]]></system-out>
  </testcase>
  <testcase name="testUpdateWeather_UpdatesWeatherDataSuccessfully" classname="HistoryFileHandlerTests" time="0.003">
    <system-out><![CDATA[Successfully Initialize HistoryFile.
Successfully update History File
]]></system-out>
  </testcase>
  <testcase name="testCleaningHistoryData_RemovesOldWeatherData" classname="HistoryFileHandlerTests" time="0.005">
    <system-out><![CDATA[Successfully Initialize HistoryFile.
Successfully clean Old Data.
]]></system-out>
  </testcase>
</testsuite>